c:\git\msd\robot\10_libraryrc\rc.robot.doosan.control.cpp\int\debug\x64\rc.lib.robot.doosan.cpp.pch
c:\git\msd\robot\10_libraryrc\rc.robot.doosan.control.cpp\int\debug\x64\vc143.pdb
c:\git\msd\robot\10_libraryrc\rc.robot.doosan.control.cpp\int\debug\x64\pch.obj
c:\git\msd\robot\10_libraryrc\rc.robot.doosan.control.cpp\int\debug\x64\controlex.obj
c:\git\msd\robot\10_libraryrc\rc.robot.doosan.control.cpp\int\debug\x64\assemblyinfo.obj
c:\git\msd\robot\10_libraryrc\rc.robot.doosan.control.cpp\int\debug\x64\.netcoreapp,version=v7.0.assemblyattributes.obj
c:\git\msd\robot\10_libraryrc\rc.robot.doosan.control.cpp\bin\x64\debug\rc.lib.robot.doosan.cpp.dll
c:\git\msd\robot\10_libraryrc\rc.robot.doosan.control.cpp\bin\x64\debug\rc.lib.robot.doosan.cpp.pdb
c:\git\msd\robot\10_libraryrc\rc.robot.doosan.control.cpp\int\debug\x64\app.res
c:\git\msd\robot\10_libraryrc\rc.robot.doosan.control.cpp\int\debug\x64\rc.robot.doosan.control.cpp.assets.cache
c:\git\msd\robot\10_libraryrc\rc.robot.doosan.control.cpp\int\debug\x64\rc.lib.r.47b46fc3.tlog\cl.command.1.tlog
c:\git\msd\robot\10_libraryrc\rc.robot.doosan.control.cpp\int\debug\x64\rc.lib.r.47b46fc3.tlog\cl.items.tlog
c:\git\msd\robot\10_libraryrc\rc.robot.doosan.control.cpp\int\debug\x64\rc.lib.r.47b46fc3.tlog\cl.read.1.tlog
c:\git\msd\robot\10_libraryrc\rc.robot.doosan.control.cpp\int\debug\x64\rc.lib.r.47b46fc3.tlog\cl.write.1.tlog
c:\git\msd\robot\10_libraryrc\rc.robot.doosan.control.cpp\int\debug\x64\rc.lib.r.47b46fc3.tlog\link.command.1.tlog
c:\git\msd\robot\10_libraryrc\rc.robot.doosan.control.cpp\int\debug\x64\rc.lib.r.47b46fc3.tlog\link.read.1.tlog
c:\git\msd\robot\10_libraryrc\rc.robot.doosan.control.cpp\int\debug\x64\rc.lib.r.47b46fc3.tlog\link.secondary.1.tlog
c:\git\msd\robot\10_libraryrc\rc.robot.doosan.control.cpp\int\debug\x64\rc.lib.r.47b46fc3.tlog\link.write.1.tlog
c:\git\msd\robot\10_libraryrc\rc.robot.doosan.control.cpp\int\debug\x64\rc.lib.r.47b46fc3.tlog\rc.command.1.tlog
c:\git\msd\robot\10_libraryrc\rc.robot.doosan.control.cpp\int\debug\x64\rc.lib.r.47b46fc3.tlog\rc.read.1.tlog
c:\git\msd\robot\10_libraryrc\rc.robot.doosan.control.cpp\int\debug\x64\rc.lib.r.47b46fc3.tlog\rc.write.1.tlog
