c:\git\readcoop\readcoop_isaac_singlesolution\10_libraryrc\rc.robot.doosan.control\int\debug\x64\rc.robot.doosan.control.pch
c:\git\readcoop\readcoop_isaac_singlesolution\10_libraryrc\rc.robot.doosan.control\int\debug\x64\vc143.pdb
c:\git\readcoop\readcoop_isaac_singlesolution\10_libraryrc\rc.robot.doosan.control\int\debug\x64\pch.obj
c:\git\readcoop\readcoop_isaac_singlesolution\10_libraryrc\rc.robot.doosan.control\int\debug\x64\controlex.obj
c:\git\readcoop\readcoop_isaac_singlesolution\10_libraryrc\rc.robot.doosan.control\int\debug\x64\assemblyinfo.obj
c:\git\readcoop\readcoop_isaac_singlesolution\10_libraryrc\rc.robot.doosan.control\int\debug\x64\.netcoreapp,version=v7.0.assemblyattributes.obj
c:\git\readcoop\readcoop_isaac_singlesolution\10_libraryrc\rc.robot.doosan.control\bin\x64\debug\rc.robot.doosan.control.dll
c:\git\readcoop\readcoop_isaac_singlesolution\10_libraryrc\rc.robot.doosan.control\bin\x64\debug\rc.robot.doosan.control.pdb
c:\git\readcoop\readcoop_isaac_singlesolution\10_libraryrc\rc.robot.doosan.control\int\debug\x64\app.res
c:\git\readcoop\readcoop_isaac_singlesolution\10_libraryrc\rc.robot.doosan.control\int\debug\x64\rc.robot.doosan.control.assets.cache
c:\git\readcoop\readcoop_isaac_singlesolution\10_libraryrc\rc.robot.doosan.control\int\debug\x64\rc.robot.0ad3ace4.tlog\cl.command.1.tlog
c:\git\readcoop\readcoop_isaac_singlesolution\10_libraryrc\rc.robot.doosan.control\int\debug\x64\rc.robot.0ad3ace4.tlog\cl.items.tlog
c:\git\readcoop\readcoop_isaac_singlesolution\10_libraryrc\rc.robot.doosan.control\int\debug\x64\rc.robot.0ad3ace4.tlog\cl.read.1.tlog
c:\git\readcoop\readcoop_isaac_singlesolution\10_libraryrc\rc.robot.doosan.control\int\debug\x64\rc.robot.0ad3ace4.tlog\cl.write.1.tlog
c:\git\readcoop\readcoop_isaac_singlesolution\10_libraryrc\rc.robot.doosan.control\int\debug\x64\rc.robot.0ad3ace4.tlog\link.command.1.tlog
c:\git\readcoop\readcoop_isaac_singlesolution\10_libraryrc\rc.robot.doosan.control\int\debug\x64\rc.robot.0ad3ace4.tlog\link.read.1.tlog
c:\git\readcoop\readcoop_isaac_singlesolution\10_libraryrc\rc.robot.doosan.control\int\debug\x64\rc.robot.0ad3ace4.tlog\link.write.1.tlog
c:\git\readcoop\readcoop_isaac_singlesolution\10_libraryrc\rc.robot.doosan.control\int\debug\x64\rc.robot.0ad3ace4.tlog\rc.command.1.tlog
c:\git\readcoop\readcoop_isaac_singlesolution\10_libraryrc\rc.robot.doosan.control\int\debug\x64\rc.robot.0ad3ace4.tlog\rc.read.1.tlog
c:\git\readcoop\readcoop_isaac_singlesolution\10_libraryrc\rc.robot.doosan.control\int\debug\x64\rc.robot.0ad3ace4.tlog\rc.write.1.tlog
